[2023-02-07T15:43:16.967] [TRACE] buy - Se compraron los productos: Destornillador, Ps5 por un total de: $300150
[2023-02-07T15:45:33.681] [TRACE] buy - Se compraron los productos: Destornillador, Ps5 por un total de: $300150
[2023-02-09T18:40:33.164] [TRACE] buy - Se compraron los productos: Destornillador, Ps5, iPhone X por un total de: $450150
[2023-02-16T16:41:01.800] [TRACE] buy - Se compraron los productos: Sommier Sleep Paradise, TV Smart, Remera Oxford, Sommier Sleep Paradise, TV Smart, Remera Oxford por un total de: $0900002500002000900002500002000
[2023-02-16T16:41:58.612] [TRACE] buy - Se compraron los productos: Sommier Sleep Paradise, TV Smart, Remera Oxford, Sommier Sleep Paradise, TV Smart, Remera Oxford por un total de: $0900002500002000900002500002000[2023-03-15T18:37:35.670] [TRACE] buy - Se compraron los productos: Probando, Vino tinto por un total de: $1023
[2023-03-15T18:41:19.434] [TRACE] buy - Se compraron los productos: Probando, Mouse Logitech por un total de: $1000
[2023-03-17T16:09:22.148] [TRACE] buy - Se compraron los productos: Probando, Mouse Logitech por un total de: $1000
[2023-03-17T17:03:03.785] [TRACE] buy - Se compraron los productos: Vino tinto por un total de: $523
[2023-03-17T17:03:52.468] [TRACE] buy - Se compraron los productos: Vino tinto por un total de: $523
[2023-03-17T17:04:16.004] [TRACE] buy - Se compraron los productos: Vino tinto por un total de: $523
[2023-03-17T17:05:53.370] [TRACE] buy - Se compraron los productos: Vino tinto por un total de: $523
[2023-03-22T17:55:22.915] [TRACE] buy - Se compraron los productos: Set Stanley, Smart TV Samsung Series 7 por un total de: $687895
[2023-03-22T18:03:44.907] [TRACE] buy - Se compraron los productos: Set Stanley por un total de: $47900
[2023-03-22T18:40:17.804] [TRACE] buy - Se compraron los productos: Galaxy S23 ULTRA, Lenovo Intel Pentium N5030 por un total de: $678999
[2023-03-22T18:42:26.207] [TRACE] buy - Se compraron los productos: Set Stanley por un total de: $47900
[2023-03-22T18:44:03.265] [TRACE] buy - Se compraron los productos: Smart TV Samsung Series 7 por un total de: $127999
[2023-03-22T18:47:56.969] [TRACE] buy - Se compraron los productos: Set Stanley por un total de: $47900
[2023-03-22T18:49:04.129] [TRACE] buy - Se compraron los productos: Set Stanley por un total de: $47900
[2023-03-22T18:51:00.939] [TRACE] buy - Se compraron los productos: Set Stanley por un total de: $47900
[2023-03-22T18:57:15.507] [TRACE] buy - Se compraron los productos: Set Stanley por un total de: $47900
